<?xml version="1.0" encoding="UTF-8"?>
<!-- Generated by org.testng.reporters.JUnitReportReporter -->
<testsuite hostname="DESKTOP-I1E7VFK" failures="0" tests="1" name="com.hrms.testscripts.TC001" time="10.601" errors="0" timestamp="2021-01-27T12:52:01 IST" skipped="0">
  <testcase classname="com.hrms.testscripts.TC001" name="TC001" time="10.601"/>
  <system-out/>
</testsuite> <!-- com.hrms.testscripts.TC001 -->
