<?xml version="1.0" encoding="UTF-8"?>
<!-- Generated by org.testng.reporters.JUnitReportReporter -->
<testsuite hostname="DESKTOP-I1E7VFK" failures="0" tests="1" name="com.hrms.testscripts.TC002" time="9.874" errors="0" timestamp="2021-01-27T12:52:01 IST" skipped="0">
  <testcase classname="com.hrms.testscripts.TC002" name="TC002" time="9.874"/>
  <system-out/>
</testsuite> <!-- com.hrms.testscripts.TC002 -->
